Arguments: 
  /usr/local/bin/node /usr/share/yarn/bin/yarn.js

PATH: 
  /usr/local/sbin:/usr/local/bin:/usr/sbin:/usr/bin:/sbin:/bin:/usr/games:/usr/local/games:/snap/bin

Yarn version: 
  1.22.5

Node version: 
  14.8.0

Platform: 
  linux x64

Trace: 
  SyntaxError: /home/lcom/staff-portal/client/package.json: Unexpected token } in JSON at position 1081
      at JSON.parse (<anonymous>)
      at /usr/share/yarn/lib/cli.js:1625:59
      at Generator.next (<anonymous>)
      at step (/usr/share/yarn/lib/cli.js:310:30)
      at /usr/share/yarn/lib/cli.js:321:13

npm manifest: 
  {
    "name": "client",
    "version": "0.1.0",
    "private": true,
    "dependencies": {
      "@material-ui/core": "^4.11.3",
      "@material-ui/icons": "^4.11.2",
      "@testing-library/jest-dom": "^5.11.9",
      "@testing-library/react": "^11.2.5",
      "@testing-library/user-event": "^12.8.3",
      "axios": "^0.21.1",
      "jquery": "^3.6.0",
      "material-table": "^1.69.2",
      "moment": "^2.29.1",
      "qrcode": "^1.4.4",
      "react": "^17.0.1",
      "react-datetime": "^3.0.4",
      "react-dom": "^17.0.1",
      "react-loading-overlay": "^1.0.1",
      "react-password-toggle-icon": "^1.1.5",
      "react-redux": "^7.2.2",
      "react-router-dom": "^5.2.0",
      "react-scripts": "4.0.3",
      "redux": "^4.0.5",
      "redux-devtools-extension": "^2.13.9",
      "redux-thunk": "^2.3.0",
      "text-to-image": "^2.4.4",
      "uuid": "^8.3.2",
      "web-vitals": "^1.1.0",
   
      "bootstrap": "^5.1.0",
      "bootstrap-icons": "^1.5.0",
      "cra-template": "1.1.2",
      "hooks": "^0.3.2",
    
      "react-responsive-carousel": "^3.2.21",
   
      "reactstrap": "^8.9.0",
      "styled-components": "^5.3.1",
    },
    "scripts": {
      "start": "react-scripts start",
      "build": "react-scripts build",
      "test": "react-scripts test",
      "eject": "react-scripts eject"
    },
    "eslintConfig": {
      "extends": [
        "react-app",
        "react-app/jest"
      ]
    },
    "browserslist": {
      "production": [
        ">0.2%",
        "not dead",
        "not op_mini all"
      ],
      "development": [
        "last 1 chrome version",
        "last 1 firefox version",
        "last 1 safari version"
      ]
    }
  }

yarn manifest: 
  No manifest

Lockfile: 
  No lockfile
